c:\projects\werewolfsurvivor\werewolfsurvivor\x64\release\vc143.pdb
c:\projects\werewolfsurvivor\werewolfsurvivor\x64\release\werewolfsurvivor.obj
c:\projects\werewolfsurvivor\werewolfsurvivor\x64\release\vector2d.obj
c:\projects\werewolfsurvivor\werewolfsurvivor\x64\release\transform.obj
c:\projects\werewolfsurvivor\werewolfsurvivor\x64\release\tilemap.obj
c:\projects\werewolfsurvivor\werewolfsurvivor\x64\release\prop.obj
c:\projects\werewolfsurvivor\werewolfsurvivor\x64\release\npc_projectile.obj
c:\projects\werewolfsurvivor\werewolfsurvivor\x64\release\npc.obj
c:\projects\werewolfsurvivor\werewolfsurvivor\x64\release\mathf.obj
c:\projects\werewolfsurvivor\werewolfsurvivor\x64\release\hero_projectile.obj
c:\projects\werewolfsurvivor\werewolfsurvivor\x64\release\hero.obj
c:\projects\werewolfsurvivor\werewolfsurvivor\x64\release\gamesengineeringbase.obj
c:\projects\werewolfsurvivor\werewolfsurvivor\x64\release\gamemanager.obj
c:\projects\werewolfsurvivor\werewolfsurvivor\x64\release\entity.obj
c:\projects\werewolfsurvivor\werewolfsurvivor\x64\release\camera.obj
c:\projects\werewolfsurvivor\x64\release\werewolfsurvivor.exe
c:\projects\werewolfsurvivor\x64\release\werewolfsurvivor.pdb
c:\projects\werewolfsurvivor\werewolfsurvivor\x64\release\werewolfsurvivor.ipdb
c:\projects\werewolfsurvivor\werewolfsurvivor\x64\release\werewolfsurvivor.iobj
c:\projects\werewolfsurvivor\werewolfsurvivor\x64\release\werewolfsurvivor.tlog\cl.command.1.tlog
c:\projects\werewolfsurvivor\werewolfsurvivor\x64\release\werewolfsurvivor.tlog\cl.items.tlog
c:\projects\werewolfsurvivor\werewolfsurvivor\x64\release\werewolfsurvivor.tlog\cl.read.1.tlog
c:\projects\werewolfsurvivor\werewolfsurvivor\x64\release\werewolfsurvivor.tlog\cl.write.1.tlog
c:\projects\werewolfsurvivor\werewolfsurvivor\x64\release\werewolfsurvivor.tlog\link.command.1.tlog
c:\projects\werewolfsurvivor\werewolfsurvivor\x64\release\werewolfsurvivor.tlog\link.read.1.tlog
c:\projects\werewolfsurvivor\werewolfsurvivor\x64\release\werewolfsurvivor.tlog\link.secondary.1.tlog
c:\projects\werewolfsurvivor\werewolfsurvivor\x64\release\werewolfsurvivor.tlog\link.write.1.tlog
